This file contains any messages produced by compilers while
running configure, to aid debugging if configure makes a mistake.

It was created by configure, which was
generated by GNU Autoconf 2.69.  Invocation command line was

  $ ./configure 

## --------- ##
## Platform. ##
## --------- ##

hostname = ahurt1.ena.com
uname -m = x86_64
uname -r = 12.3.0
uname -s = Darwin
uname -v = Darwin Kernel Version 12.3.0: Sun Jan  6 22:37:10 PST 2013; root:xnu-2050.22.13~1/RELEASE_X86_64

/usr/bin/uname -p = i386
/bin/uname -X     = unknown

/bin/arch              = unknown
/usr/bin/arch -k       = unknown
/usr/convex/getsysinfo = unknown
/usr/bin/hostinfo      = Mach kernel version:
	 Darwin Kernel Version 12.3.0: Sun Jan  6 22:37:10 PST 2013; root:xnu-2050.22.13~1/RELEASE_X86_64
Kernel configured for up to 8 processors.
4 processors are physically available.
8 processors are logically available.
Processor type: i486 (Intel 80486)
Processors active: 0 1 2 3 4 5 6 7
Primary memory available: 8.00 gigabytes
Default processor set: 194 tasks, 1043 threads, 8 processors
Load average: 0.91, Mach factor: 7.08
/bin/machine           = unknown
/usr/bin/oslevel       = unknown
/bin/universe          = unknown

PATH: /usr/local/opt/php54/bin
PATH: /usr/bin
PATH: /bin
PATH: /usr/sbin
PATH: /sbin
PATH: /usr/local/bin


## ----------- ##
## Core tests. ##
## ----------- ##

configure:2134: checking for gcc
configure:2150: found /usr/bin/gcc
configure:2161: result: gcc
configure:2390: checking for C compiler version
configure:2399: gcc --version >&5
i686-apple-darwin11-llvm-gcc-4.2 (GCC) 4.2.1 (Based on Apple Inc. build 5658) (LLVM build 2336.11.00)
Copyright (C) 2007 Free Software Foundation, Inc.
This is free software; see the source for copying conditions.  There is NO
warranty; not even for MERCHANTABILITY or FITNESS FOR A PARTICULAR PURPOSE.

configure:2410: $? = 0
configure:2399: gcc -v >&5
Using built-in specs.
Target: i686-apple-darwin11
Configured with: /private/var/tmp/llvmgcc42/llvmgcc42-2336.11~148/src/configure --disable-checking --enable-werror --prefix=/Applications/Xcode.app/Contents/Developer/usr/llvm-gcc-4.2 --mandir=/share/man --enable-languages=c,objc,c++,obj-c++ --program-prefix=llvm- --program-transform-name=/^[cg][^.-]*$/s/$/-4.2/ --with-slibdir=/usr/lib --build=i686-apple-darwin11 --enable-llvm=/private/var/tmp/llvmgcc42/llvmgcc42-2336.11~148/dst-llvmCore/Developer/usr/local --program-prefix=i686-apple-darwin11- --host=x86_64-apple-darwin11 --target=i686-apple-darwin11 --with-gxx-include-dir=/usr/include/c++/4.2.1
Thread model: posix
gcc version 4.2.1 (Based on Apple Inc. build 5658) (LLVM build 2336.11.00)
configure:2410: $? = 0
configure:2399: gcc -V >&5
llvm-gcc-4.2: argument to `-V' is missing
configure:2410: $? = 1
configure:2399: gcc -qversion >&5
i686-apple-darwin11-llvm-gcc-4.2: no input files
configure:2410: $? = 1
configure:2430: checking whether the C compiler works
configure:2452: gcc    conftest.c  >&5
configure:2456: $? = 0
configure:2504: result: yes
configure:2507: checking for C compiler default output file name
configure:2509: result: a.out
configure:2515: checking for suffix of executables
configure:2522: gcc -o conftest    conftest.c  >&5
configure:2526: $? = 0
configure:2548: result: 
configure:2570: checking whether we are cross compiling
configure:2578: gcc -o conftest    conftest.c  >&5
configure:2582: $? = 0
configure:2589: ./conftest
configure:2593: $? = 0
configure:2608: result: no
configure:2613: checking for suffix of object files
configure:2635: gcc -c   conftest.c >&5
configure:2639: $? = 0
configure:2660: result: o
configure:2664: checking whether we are using the GNU C compiler
configure:2683: gcc -c   conftest.c >&5
configure:2683: $? = 0
configure:2692: result: yes
configure:2701: checking whether gcc accepts -g
configure:2721: gcc -c -g  conftest.c >&5
configure:2721: $? = 0
configure:2762: result: yes
configure:2779: checking for gcc option to accept ISO C89
configure:2842: gcc  -c -g -O2  conftest.c >&5
configure:2842: $? = 0
configure:2855: result: none needed
configure:2880: checking how to run the C preprocessor
configure:2911: gcc -E  conftest.c
configure:2911: $? = 0
configure:2925: gcc -E  conftest.c
conftest.c:9:28: error: ac_nonexistent.h: No such file or directory
configure:2925: $? = 1
configure: failed program was:
| /* confdefs.h */
| #define PACKAGE_NAME ""
| #define PACKAGE_TARNAME ""
| #define PACKAGE_VERSION ""
| #define PACKAGE_STRING ""
| #define PACKAGE_BUGREPORT ""
| #define PACKAGE_URL ""
| /* end confdefs.h.  */
| #include <ac_nonexistent.h>
configure:2950: result: gcc -E
configure:2970: gcc -E  conftest.c
configure:2970: $? = 0
configure:2984: gcc -E  conftest.c
conftest.c:9:28: error: ac_nonexistent.h: No such file or directory
configure:2984: $? = 1
configure: failed program was:
| /* confdefs.h */
| #define PACKAGE_NAME ""
| #define PACKAGE_TARNAME ""
| #define PACKAGE_VERSION ""
| #define PACKAGE_STRING ""
| #define PACKAGE_BUGREPORT ""
| #define PACKAGE_URL ""
| /* end confdefs.h.  */
| #include <ac_nonexistent.h>
configure:3014: checking for printf in -lc
configure:3039: gcc -o conftest -g -O2   conftest.c -lc   >&5
conftest.c:16: warning: conflicting types for built-in function 'printf'
configure:3039: $? = 0
configure:3048: result: yes
configure:3059: checking for grep that handles long lines and -e
configure:3117: result: /usr/bin/grep
configure:3122: checking for egrep
configure:3184: result: /usr/bin/grep -E
configure:3189: checking for ANSI C header files
configure:3209: gcc -c -g -O2  conftest.c >&5
configure:3209: $? = 0
configure:3282: gcc -o conftest -g -O2   conftest.c  >&5
configure:3282: $? = 0
configure:3282: ./conftest
configure:3282: $? = 0
configure:3293: result: yes
configure:3306: checking for sys/types.h
configure:3306: gcc -c -g -O2  conftest.c >&5
configure:3306: $? = 0
configure:3306: result: yes
configure:3306: checking for sys/stat.h
configure:3306: gcc -c -g -O2  conftest.c >&5
configure:3306: $? = 0
configure:3306: result: yes
configure:3306: checking for stdlib.h
configure:3306: gcc -c -g -O2  conftest.c >&5
configure:3306: $? = 0
configure:3306: result: yes
configure:3306: checking for string.h
configure:3306: gcc -c -g -O2  conftest.c >&5
configure:3306: $? = 0
configure:3306: result: yes
configure:3306: checking for memory.h
configure:3306: gcc -c -g -O2  conftest.c >&5
configure:3306: $? = 0
configure:3306: result: yes
configure:3306: checking for strings.h
configure:3306: gcc -c -g -O2  conftest.c >&5
configure:3306: $? = 0
configure:3306: result: yes
configure:3306: checking for inttypes.h
configure:3306: gcc -c -g -O2  conftest.c >&5
configure:3306: $? = 0
configure:3306: result: yes
configure:3306: checking for stdint.h
configure:3306: gcc -c -g -O2  conftest.c >&5
configure:3306: $? = 0
configure:3306: result: yes
configure:3306: checking for unistd.h
configure:3306: gcc -c -g -O2  conftest.c >&5
configure:3306: $? = 0
configure:3306: result: yes
configure:3318: checking stdio.h usability
configure:3318: gcc -c -g -O2  conftest.c >&5
configure:3318: $? = 0
configure:3318: result: yes
configure:3318: checking stdio.h presence
configure:3318: gcc -E  conftest.c
configure:3318: $? = 0
configure:3318: result: yes
configure:3318: checking for stdio.h
configure:3318: result: yes
configure:3331: checking for stdio.h
configure:3331: result: yes
configure:3331: checking for stdlib.h
configure:3331: result: yes
configure:3343: checking for printf
configure:3343: gcc -o conftest -g -O2   conftest.c  >&5
conftest.c:44: warning: conflicting types for built-in function 'printf'
configure:3343: $? = 0
configure:3343: result: yes
configure:3495: creating ./config.status

## ---------------------- ##
## Running config.status. ##
## ---------------------- ##

This file was extended by config.status, which was
generated by GNU Autoconf 2.69.  Invocation command line was

  CONFIG_FILES    = 
  CONFIG_HEADERS  = 
  CONFIG_LINKS    = 
  CONFIG_COMMANDS = 
  $ ./config.status 

on ahurt1.ena.com

config.status:803: creating Makefile
config.status:803: creating config.h

## ---------------- ##
## Cache variables. ##
## ---------------- ##

ac_cv_c_compiler_gnu=yes
ac_cv_env_CC_set=
ac_cv_env_CC_value=
ac_cv_env_CFLAGS_set=
ac_cv_env_CFLAGS_value=
ac_cv_env_CPPFLAGS_set=
ac_cv_env_CPPFLAGS_value=
ac_cv_env_CPP_set=
ac_cv_env_CPP_value=
ac_cv_env_LDFLAGS_set=
ac_cv_env_LDFLAGS_value=
ac_cv_env_LIBS_set=
ac_cv_env_LIBS_value=
ac_cv_env_build_alias_set=
ac_cv_env_build_alias_value=
ac_cv_env_host_alias_set=
ac_cv_env_host_alias_value=
ac_cv_env_target_alias_set=
ac_cv_env_target_alias_value=
ac_cv_func_printf=yes
ac_cv_header_inttypes_h=yes
ac_cv_header_memory_h=yes
ac_cv_header_stdc=yes
ac_cv_header_stdint_h=yes
ac_cv_header_stdio_h=yes
ac_cv_header_stdlib_h=yes
ac_cv_header_string_h=yes
ac_cv_header_strings_h=yes
ac_cv_header_sys_stat_h=yes
ac_cv_header_sys_types_h=yes
ac_cv_header_unistd_h=yes
ac_cv_lib_c_printf=yes
ac_cv_objext=o
ac_cv_path_EGREP='/usr/bin/grep -E'
ac_cv_path_GREP=/usr/bin/grep
ac_cv_prog_CPP='gcc -E'
ac_cv_prog_ac_ct_CC=gcc
ac_cv_prog_cc_c89=
ac_cv_prog_cc_g=yes

## ----------------- ##
## Output variables. ##
## ----------------- ##

CC='gcc'
CFLAGS='-g -O2'
CPP='gcc -E'
CPPFLAGS=''
DEFS='-DHAVE_CONFIG_H'
ECHO_C='\c'
ECHO_N=''
ECHO_T=''
EGREP='/usr/bin/grep -E'
EXEEXT=''
GREP='/usr/bin/grep'
LDFLAGS=''
LIBOBJS=''
LIBS=''
LTLIBOBJS=''
OBJEXT='o'
PACKAGE_BUGREPORT=''
PACKAGE_NAME=''
PACKAGE_STRING=''
PACKAGE_TARNAME=''
PACKAGE_URL=''
PACKAGE_VERSION=''
PATH_SEPARATOR=':'
SHELL='/bin/sh'
ac_ct_CC='gcc'
bindir='${exec_prefix}/bin'
build_alias=''
couchbase_cflags=' -I/usr/include'
couchbase_ldflags=' -lc'
datadir='${datarootdir}'
datarootdir='${prefix}/share'
docdir='${datarootdir}/doc/${PACKAGE}'
dvidir='${docdir}'
exec_prefix='${prefix}'
host_alias=''
htmldir='${docdir}'
includedir='${prefix}/include'
infodir='${datarootdir}/info'
libdir='${exec_prefix}/lib'
libexecdir='${exec_prefix}/libexec'
localedir='${datarootdir}/locale'
localstatedir='${prefix}/var'
mandir='${datarootdir}/man'
oldincludedir='/usr/include'
pdfdir='${docdir}'
prefix='/usr/local'
program_transform_name='s,x,x,'
psdir='${docdir}'
sbindir='${exec_prefix}/sbin'
sharedstatedir='${prefix}/com'
sysconfdir='${prefix}/etc'
target_alias=''
targetname='rlm_couchbase'

## ----------- ##
## confdefs.h. ##
## ----------- ##

/* confdefs.h */
#define PACKAGE_NAME ""
#define PACKAGE_TARNAME ""
#define PACKAGE_VERSION ""
#define PACKAGE_STRING ""
#define PACKAGE_BUGREPORT ""
#define PACKAGE_URL ""
#define STDC_HEADERS 1
#define HAVE_SYS_TYPES_H 1
#define HAVE_SYS_STAT_H 1
#define HAVE_STDLIB_H 1
#define HAVE_STRING_H 1
#define HAVE_MEMORY_H 1
#define HAVE_STRINGS_H 1
#define HAVE_INTTYPES_H 1
#define HAVE_STDINT_H 1
#define HAVE_UNISTD_H 1
#define HAVE_STDIO_H 1
#define HAVE_STDLIB_H 1
#define HAVE_PRINTF 1

configure: exit 0
